2016-06-21 09:35:44.028  INFO 3893 --- [main] com.zhili.police.ApplicationStart        : Starting ApplicationStart on kousakaitekiMBP.lan with PID 3893 (/Users/kousakaikan/Documents/zl-workspace/police-compare/target/classes started by kousakaikan in /Users/kousakaikan/Documents/zl-workspace/police-compare)
2016-06-21 09:35:44.033  INFO 3893 --- [main] com.zhili.police.ApplicationStart        : No active profile set, falling back to default profiles: default
2016-06-21 09:35:44.427  INFO 3893 --- [main] ationConfigEmbeddedWebApplicationContext : Refreshing org.springframework.boot.context.embedded.AnnotationConfigEmbeddedWebApplicationContext@b59d31: startup date [Tue Jun 21 09:35:44 CST 2016]; root of context hierarchy
2016-06-21 09:35:45.345  WARN 3893 --- [main] o.m.s.mapper.ClassPathMapperScanner      : No MyBatis mapper was found in '[com.zhili.police]' package. Please check your configuration.
2016-06-21 09:35:45.779  INFO 3893 --- [main] trationDelegate$BeanPostProcessorChecker : Bean 'org.springframework.transaction.annotation.ProxyTransactionManagementConfiguration' of type [class org.springframework.transaction.annotation.ProxyTransactionManagementConfiguration$$EnhancerBySpringCGLIB$$cef219b4] is not eligible for getting processed by all BeanPostProcessors (for example: not eligible for auto-proxying)
2016-06-21 09:35:46.290  INFO 3893 --- [main] s.b.c.e.t.TomcatEmbeddedServletContainer : Tomcat initialized with port(s): 8001 (http)
2016-06-21 09:35:46.313  INFO 3893 --- [main] o.apache.catalina.core.StandardService   : Starting service Tomcat
2016-06-21 09:35:46.315  INFO 3893 --- [main] org.apache.catalina.core.StandardEngine  : Starting Servlet Engine: Apache Tomcat/8.0.33
2016-06-21 09:35:46.442  INFO 3893 --- [localhost-startStop-1] o.a.c.c.C.[Tomcat].[localhost].[/]       : Initializing Spring embedded WebApplicationContext
2016-06-21 09:35:46.443  INFO 3893 --- [localhost-startStop-1] o.s.web.context.ContextLoader            : Root WebApplicationContext: initialization completed in 2021 ms
2016-06-21 09:35:46.792  INFO 3893 --- [localhost-startStop-1] o.s.b.c.e.ServletRegistrationBean        : Mapping servlet: 'dispatcherServlet' to [/]
2016-06-21 09:35:46.798  INFO 3893 --- [localhost-startStop-1] o.s.b.c.embedded.FilterRegistrationBean  : Mapping filter: 'characterEncodingFilter' to: [/*]
2016-06-21 09:35:46.799  INFO 3893 --- [localhost-startStop-1] o.s.b.c.embedded.FilterRegistrationBean  : Mapping filter: 'hiddenHttpMethodFilter' to: [/*]
2016-06-21 09:35:46.800  INFO 3893 --- [localhost-startStop-1] o.s.b.c.embedded.FilterRegistrationBean  : Mapping filter: 'httpPutFormContentFilter' to: [/*]
2016-06-21 09:35:46.802  INFO 3893 --- [localhost-startStop-1] o.s.b.c.embedded.FilterRegistrationBean  : Mapping filter: 'requestContextFilter' to: [/*]
2016-06-21 09:35:47.229  INFO 3893 --- [main] s.w.s.m.m.a.RequestMappingHandlerAdapter : Looking for @ControllerAdvice: org.springframework.boot.context.embedded.AnnotationConfigEmbeddedWebApplicationContext@b59d31: startup date [Tue Jun 21 09:35:44 CST 2016]; root of context hierarchy
2016-06-21 09:35:47.317  INFO 3893 --- [main] s.w.s.m.m.a.RequestMappingHandlerMapping : Mapped "{[/{reader}],methods=[GET]}" onto public java.lang.String com.zhili.police.controller.TableController.get(java.lang.String,org.springframework.ui.Model)
2016-06-21 09:35:47.320  INFO 3893 --- [main] s.w.s.m.m.a.RequestMappingHandlerMapping : Mapped "{[/error]}" onto public org.springframework.http.ResponseEntity<java.util.Map<java.lang.String, java.lang.Object>> org.springframework.boot.autoconfigure.web.BasicErrorController.error(javax.servlet.http.HttpServletRequest)
2016-06-21 09:35:47.321  INFO 3893 --- [main] s.w.s.m.m.a.RequestMappingHandlerMapping : Mapped "{[/error],produces=[text/html]}" onto public org.springframework.web.servlet.ModelAndView org.springframework.boot.autoconfigure.web.BasicErrorController.errorHtml(javax.servlet.http.HttpServletRequest,javax.servlet.http.HttpServletResponse)
2016-06-21 09:35:47.360  INFO 3893 --- [main] o.s.w.s.handler.SimpleUrlHandlerMapping  : Mapped URL path [/webjars/**] onto handler of type [class org.springframework.web.servlet.resource.ResourceHttpRequestHandler]
2016-06-21 09:35:47.361  INFO 3893 --- [main] o.s.w.s.handler.SimpleUrlHandlerMapping  : Mapped URL path [/**] onto handler of type [class org.springframework.web.servlet.resource.ResourceHttpRequestHandler]
2016-06-21 09:35:47.443  INFO 3893 --- [main] o.s.w.s.handler.SimpleUrlHandlerMapping  : Mapped URL path [/**/favicon.ico] onto handler of type [class org.springframework.web.servlet.resource.ResourceHttpRequestHandler]
2016-06-21 09:35:48.210  INFO 3893 --- [main] o.s.j.e.a.AnnotationMBeanExporter        : Registering beans for JMX exposure on startup
2016-06-21 09:35:48.314  INFO 3893 --- [main] s.b.c.e.t.TomcatEmbeddedServletContainer : Tomcat started on port(s): 8001 (http)
2016-06-21 09:35:48.323  INFO 3893 --- [main] com.zhili.police.ApplicationStart        : Started ApplicationStart in 4.76 seconds (JVM running for 5.28)
2016-06-21 09:35:50.422  INFO 3893 --- [Thread-2] ationConfigEmbeddedWebApplicationContext : Closing org.springframework.boot.context.embedded.AnnotationConfigEmbeddedWebApplicationContext@b59d31: startup date [Tue Jun 21 09:35:44 CST 2016]; root of context hierarchy
2016-06-21 09:35:50.425  INFO 3893 --- [Thread-2] o.s.j.e.a.AnnotationMBeanExporter        : Unregistering JMX-exposed beans on shutdown
2016-06-21 09:35:50.426  WARN 3893 --- [Thread-2] o.s.b.f.support.DisposableBeanAdapter    : Invocation of destroy method 'close' failed on bean with name 'sqlSessionTemplate': java.lang.UnsupportedOperationException: Manual close is not allowed over a Spring managed SqlSession
